<?xml version="1.0" encoding="UTF-8"?>
<testsuite xmlns:xsi="http://www.w3.org/2001/XMLSchema-instance" xsi:noNamespaceSchemaLocation="https://maven.apache.org/surefire/maven-surefire-plugin/xsd/surefire-test-report.xsd" name="com.pcwk.ehr.JunitUserServiceTest" time="1.638" tests="3" errors="0" skipped="2" failures="0">
  <properties>
    <property name="sun.desktop" value="windows"/>
    <property name="awt.toolkit" value="sun.awt.windows.WToolkit"/>
    <property name="file.encoding.pkg" value="sun.io"/>
    <property name="java.specification.version" value="1.8"/>
    <property name="sun.cpu.isalist" value="amd64"/>
    <property name="sun.jnu.encoding" value="MS949"/>
    <property name="java.class.path" value="C:\DCOM_20220127\04_SPRING\workspace\S_SH12_02\target\test-classes;C:\DCOM_20220127\04_SPRING\workspace\S_SH12_02\target\classes;C:\DCOM_20220127\04_SPRING\repository\aopalliance\aopalliance\1.0\aopalliance-1.0.jar;C:\DCOM_20220127\04_SPRING\repository\org\aspectj\aspectjweaver\1.9.8\aspectjweaver-1.9.8.jar;C:\DCOM_20220127\04_SPRING\repository\org\aspectj\aspectjrt\1.9.8\aspectjrt-1.9.8.jar;C:\DCOM_20220127\04_SPRING\repository\javax\mail\mail\1.4.7\mail-1.4.7.jar;C:\DCOM_20220127\04_SPRING\repository\javax\activation\activation\1.1\activation-1.1.jar;C:\DCOM_20220127\04_SPRING\repository\org\springframework\spring-context-support\5.3.18\spring-context-support-5.3.18.jar;C:\DCOM_20220127\04_SPRING\repository\org\springframework\spring-beans\5.3.18\spring-beans-5.3.18.jar;C:\DCOM_20220127\04_SPRING\repository\org\springframework\spring-core\5.3.18\spring-core-5.3.18.jar;C:\DCOM_20220127\04_SPRING\repository\org\springframework\spring-jcl\5.3.18\spring-jcl-5.3.18.jar;C:\DCOM_20220127\04_SPRING\repository\org\springframework\spring-test\5.3.18\spring-test-5.3.18.jar;C:\DCOM_20220127\04_SPRING\repository\org\springframework\spring-jdbc\5.3.18\spring-jdbc-5.3.18.jar;C:\DCOM_20220127\04_SPRING\repository\org\springframework\spring-tx\5.3.18\spring-tx-5.3.18.jar;C:\DCOM_20220127\04_SPRING\repository\org\springframework\spring-context\5.3.18\spring-context-5.3.18.jar;C:\DCOM_20220127\04_SPRING\repository\org\springframework\spring-aop\5.3.18\spring-aop-5.3.18.jar;C:\DCOM_20220127\04_SPRING\repository\org\springframework\spring-expression\5.3.18\spring-expression-5.3.18.jar;C:\DCOM_20220127\04_SPRING\repository\com\oracle\database\jdbc\ojdbc8\18.3.0.0\ojdbc8-18.3.0.0.jar;C:\DCOM_20220127\04_SPRING\repository\com\oracle\database\jdbc\ucp\18.3.0.0\ucp-18.3.0.0.jar;C:\DCOM_20220127\04_SPRING\repository\com\oracle\database\security\oraclepki\18.3.0.0\oraclepki-18.3.0.0.jar;C:\DCOM_20220127\04_SPRING\repository\com\oracle\database\security\osdt_cert\18.3.0.0\osdt_cert-18.3.0.0.jar;C:\DCOM_20220127\04_SPRING\repository\com\oracle\database\security\osdt_core\18.3.0.0\osdt_core-18.3.0.0.jar;C:\DCOM_20220127\04_SPRING\repository\com\oracle\database\ha\simplefan\18.3.0.0\simplefan-18.3.0.0.jar;C:\DCOM_20220127\04_SPRING\repository\com\oracle\database\ha\ons\18.3.0.0\ons-18.3.0.0.jar;C:\DCOM_20220127\04_SPRING\repository\org\apache\logging\log4j\log4j-core\2.17.2\log4j-core-2.17.2.jar;C:\DCOM_20220127\04_SPRING\repository\org\apache\logging\log4j\log4j-api\2.17.2\log4j-api-2.17.2.jar;C:\DCOM_20220127\04_SPRING\repository\junit\junit\4.13.2\junit-4.13.2.jar;C:\DCOM_20220127\04_SPRING\repository\org\hamcrest\hamcrest-core\1.3\hamcrest-core-1.3.jar;"/>
    <property name="java.vm.vendor" value="Oracle Corporation"/>
    <property name="sun.arch.data.model" value="64"/>
    <property name="user.variant" value=""/>
    <property name="java.vendor.url" value="http://java.oracle.com/"/>
    <property name="user.timezone" value="Asia/Seoul"/>
    <property name="java.vm.specification.version" value="1.8"/>
    <property name="os.name" value="Windows 10"/>
    <property name="user.country" value="KR"/>
    <property name="sun.java.launcher" value="SUN_STANDARD"/>
    <property name="sun.boot.library.path" value="C:\Program Files\Java\jdk1.8.0_321\jre\bin"/>
    <property name="sun.java.command" value="C:\Users\Uvin\AppData\Local\Temp\surefire6504975229418188056\surefirebooter6520212353813935635.jar C:\Users\Uvin\AppData\Local\Temp\surefire6504975229418188056 2022-06-10T12-49-25_901-jvmRun1 surefire4116009215462150018tmp surefire_02644911274503937923tmp"/>
    <property name="surefire.test.class.path" value="C:\DCOM_20220127\04_SPRING\workspace\S_SH12_02\target\test-classes;C:\DCOM_20220127\04_SPRING\workspace\S_SH12_02\target\classes;C:\DCOM_20220127\04_SPRING\repository\aopalliance\aopalliance\1.0\aopalliance-1.0.jar;C:\DCOM_20220127\04_SPRING\repository\org\aspectj\aspectjweaver\1.9.8\aspectjweaver-1.9.8.jar;C:\DCOM_20220127\04_SPRING\repository\org\aspectj\aspectjrt\1.9.8\aspectjrt-1.9.8.jar;C:\DCOM_20220127\04_SPRING\repository\javax\mail\mail\1.4.7\mail-1.4.7.jar;C:\DCOM_20220127\04_SPRING\repository\javax\activation\activation\1.1\activation-1.1.jar;C:\DCOM_20220127\04_SPRING\repository\org\springframework\spring-context-support\5.3.18\spring-context-support-5.3.18.jar;C:\DCOM_20220127\04_SPRING\repository\org\springframework\spring-beans\5.3.18\spring-beans-5.3.18.jar;C:\DCOM_20220127\04_SPRING\repository\org\springframework\spring-core\5.3.18\spring-core-5.3.18.jar;C:\DCOM_20220127\04_SPRING\repository\org\springframework\spring-jcl\5.3.18\spring-jcl-5.3.18.jar;C:\DCOM_20220127\04_SPRING\repository\org\springframework\spring-test\5.3.18\spring-test-5.3.18.jar;C:\DCOM_20220127\04_SPRING\repository\org\springframework\spring-jdbc\5.3.18\spring-jdbc-5.3.18.jar;C:\DCOM_20220127\04_SPRING\repository\org\springframework\spring-tx\5.3.18\spring-tx-5.3.18.jar;C:\DCOM_20220127\04_SPRING\repository\org\springframework\spring-context\5.3.18\spring-context-5.3.18.jar;C:\DCOM_20220127\04_SPRING\repository\org\springframework\spring-aop\5.3.18\spring-aop-5.3.18.jar;C:\DCOM_20220127\04_SPRING\repository\org\springframework\spring-expression\5.3.18\spring-expression-5.3.18.jar;C:\DCOM_20220127\04_SPRING\repository\com\oracle\database\jdbc\ojdbc8\18.3.0.0\ojdbc8-18.3.0.0.jar;C:\DCOM_20220127\04_SPRING\repository\com\oracle\database\jdbc\ucp\18.3.0.0\ucp-18.3.0.0.jar;C:\DCOM_20220127\04_SPRING\repository\com\oracle\database\security\oraclepki\18.3.0.0\oraclepki-18.3.0.0.jar;C:\DCOM_20220127\04_SPRING\repository\com\oracle\database\security\osdt_cert\18.3.0.0\osdt_cert-18.3.0.0.jar;C:\DCOM_20220127\04_SPRING\repository\com\oracle\database\security\osdt_core\18.3.0.0\osdt_core-18.3.0.0.jar;C:\DCOM_20220127\04_SPRING\repository\com\oracle\database\ha\simplefan\18.3.0.0\simplefan-18.3.0.0.jar;C:\DCOM_20220127\04_SPRING\repository\com\oracle\database\ha\ons\18.3.0.0\ons-18.3.0.0.jar;C:\DCOM_20220127\04_SPRING\repository\org\apache\logging\log4j\log4j-core\2.17.2\log4j-core-2.17.2.jar;C:\DCOM_20220127\04_SPRING\repository\org\apache\logging\log4j\log4j-api\2.17.2\log4j-api-2.17.2.jar;C:\DCOM_20220127\04_SPRING\repository\junit\junit\4.13.2\junit-4.13.2.jar;C:\DCOM_20220127\04_SPRING\repository\org\hamcrest\hamcrest-core\1.3\hamcrest-core-1.3.jar;"/>
    <property name="sun.cpu.endian" value="little"/>
    <property name="user.home" value="C:\Users\Uvin"/>
    <property name="user.language" value="ko"/>
    <property name="java.specification.vendor" value="Oracle Corporation"/>
    <property name="java.home" value="C:\Program Files\Java\jdk1.8.0_321\jre"/>
    <property name="basedir" value="C:\DCOM_20220127\04_SPRING\workspace\S_SH12_02"/>
    <property name="style.color" value="always"/>
    <property name="file.separator" value="\"/>
    <property name="line.separator" value="&#10;"/>
    <property name="java.vm.specification.vendor" value="Oracle Corporation"/>
    <property name="java.specification.name" value="Java Platform API Specification"/>
    <property name="java.awt.graphicsenv" value="sun.awt.Win32GraphicsEnvironment"/>
    <property name="surefire.real.class.path" value="C:\Users\Uvin\AppData\Local\Temp\surefire6504975229418188056\surefirebooter6520212353813935635.jar"/>
    <property name="sun.boot.class.path" value="C:\Program Files\Java\jdk1.8.0_321\jre\lib\resources.jar;C:\Program Files\Java\jdk1.8.0_321\jre\lib\rt.jar;C:\Program Files\Java\jdk1.8.0_321\jre\lib\sunrsasign.jar;C:\Program Files\Java\jdk1.8.0_321\jre\lib\jsse.jar;C:\Program Files\Java\jdk1.8.0_321\jre\lib\jce.jar;C:\Program Files\Java\jdk1.8.0_321\jre\lib\charsets.jar;C:\Program Files\Java\jdk1.8.0_321\jre\lib\jfr.jar;C:\Program Files\Java\jdk1.8.0_321\jre\classes"/>
    <property name="user.script" value=""/>
    <property name="sun.management.compiler" value="HotSpot 64-Bit Tiered Compilers"/>
    <property name="java.runtime.version" value="1.8.0_321-b07"/>
    <property name="user.name" value="Uvin"/>
    <property name="path.separator" value=";"/>
    <property name="os.version" value="10.0"/>
    <property name="java.endorsed.dirs" value="C:\Program Files\Java\jdk1.8.0_321\jre\lib\endorsed"/>
    <property name="java.runtime.name" value="Java(TM) SE Runtime Environment"/>
    <property name="file.encoding" value="MS949"/>
    <property name="java.vm.name" value="Java HotSpot(TM) 64-Bit Server VM"/>
    <property name="localRepository" value="C:\DCOM_20220127\04_SPRING\repository"/>
    <property name="java.vendor.url.bug" value="http://bugreport.sun.com/bugreport/"/>
    <property name="java.io.tmpdir" value="C:\Users\Uvin\AppData\Local\Temp\"/>
    <property name="java.version" value="1.8.0_321"/>
    <property name="user.dir" value="C:\DCOM_20220127\04_SPRING\workspace\S_SH12_02"/>
    <property name="os.arch" value="amd64"/>
    <property name="java.vm.specification.name" value="Java Virtual Machine Specification"/>
    <property name="java.awt.printerjob" value="sun.awt.windows.WPrinterJob"/>
    <property name="sun.os.patch.level" value=""/>
    <property name="java.library.path" value="C:\Program Files\Java\jdk1.8.0_321\jre\bin;C:\WINDOWS\Sun\Java\bin;C:\WINDOWS\system32;C:\WINDOWS;C:/Program Files/Java/jre1.8.0_321/bin/server;C:/Program Files/Java/jre1.8.0_321/bin;C:/Program Files/Java/jre1.8.0_321/lib/amd64;C:\Program Files (x86)\Common Files\Oracle\Java\javapath;C:\app\Uvin\product\18.0.0\dbhomeXE\bin;C:\WINDOWS\system32;C:\WINDOWS;C:\WINDOWS\System32\Wbem;C:\WINDOWS\System32\WindowsPowerShell\v1.0\;C:\WINDOWS\System32\OpenSSH\;C:\Program Files\nodejs\;C:\Program Files\Git\cmd;C:\Program Files\Java\jdk1.8.0_202\bin;C:\Program Files\Java\jdk1.8.0_202\bin\;C:\Users\Uvin\AppData\Local\Microsoft\WindowsApps;C:\Program Files\Java\jdk1.8.0_321\bin;C:\Users\Uvin\AppData\Roaming\npm;C:\Users\Uvin\AppData\Local\atom\bin;C:\apache-maven-3.8.5\bin;;C:\DCOM_20220127\04_SPRING\app\sts-bundle\sts-3.9.12.RELEASE;;."/>
    <property name="java.vm.info" value="mixed mode"/>
    <property name="java.vendor" value="Oracle Corporation"/>
    <property name="java.vm.version" value="25.321-b07"/>
    <property name="java.ext.dirs" value="C:\Program Files\Java\jdk1.8.0_321\jre\lib\ext;C:\WINDOWS\Sun\Java\lib\ext"/>
    <property name="sun.io.unicode.encoding" value="UnicodeLittle"/>
    <property name="java.class.version" value="52.0"/>
  </properties>
  <testcase name="add" classname="com.pcwk.ehr.JunitUserServiceTest" time="0">
    <skipped/>
    <system-out><![CDATA[[2022-06-10 12:49:30.333] DEBUG SpringJUnit4ClassRunner.<init>(SpringJUnit4ClassRunner.java:139) - SpringJUnit4ClassRunner constructor called with [class com.pcwk.ehr.JunitUserServiceTest]
[2022-06-10 12:49:30.334] DEBUG BootstrapUtils.createCacheAwareContextLoaderDelegate(BootstrapUtils.java:108) - Instantiating CacheAwareContextLoaderDelegate from class [org.springframework.test.context.cache.DefaultCacheAwareContextLoaderDelegate]
[2022-06-10 12:49:30.334] DEBUG BootstrapUtils.createBootstrapContext(BootstrapUtils.java:88) - Instantiating BootstrapContext using constructor [public org.springframework.test.context.support.DefaultBootstrapContext(java.lang.Class,org.springframework.test.context.CacheAwareContextLoaderDelegate)]
[2022-06-10 12:49:30.335] DEBUG BootstrapUtils.resolveTestContextBootstrapper(BootstrapUtils.java:143) - Instantiating TestContextBootstrapper for test class [com.pcwk.ehr.JunitUserServiceTest] from class [org.springframework.test.context.support.DefaultTestContextBootstrapper]
[2022-06-10 12:49:30.337] DEBUG AbstractDelegatingSmartContextLoader.delegateProcessing(AbstractDelegatingSmartContextLoader.java:263) - Delegating to GenericXmlContextLoader to process context configuration [ContextConfigurationAttributes@5769e7ae declaringClass = 'com.pcwk.ehr.JunitUserServiceTest', classes = '{}', locations = '{/applicationContext.xml}', inheritLocations = true, initializers = '{}', inheritInitializers = true, name = [null], contextLoaderClass = 'org.springframework.test.context.ContextLoader'].
[2022-06-10 12:49:30.338] DEBUG ActiveProfilesUtils.resolveActiveProfiles(ActiveProfilesUtils.java:79) - Could not find an 'annotation declaring class' for annotation type [org.springframework.test.context.ActiveProfiles] and class [com.pcwk.ehr.JunitUserServiceTest]
[2022-06-10 12:49:30.338] DEBUG AbstractTestContextBootstrapper.getTestExecutionListeners(AbstractTestContextBootstrapper.java:124) - @TestExecutionListeners is not present for class [com.pcwk.ehr.JunitUserServiceTest]: using defaults.
[2022-06-10 12:49:30.338] INFO  AbstractTestContextBootstrapper.getDefaultTestExecutionListenerClassNames(AbstractTestContextBootstrapper.java:245) - Loaded default TestExecutionListener class names from location [META-INF/spring.factories]: [org.springframework.test.context.web.ServletTestExecutionListener, org.springframework.test.context.support.DirtiesContextBeforeModesTestExecutionListener, org.springframework.test.context.event.ApplicationEventsTestExecutionListener, org.springframework.test.context.support.DependencyInjectionTestExecutionListener, org.springframework.test.context.support.DirtiesContextTestExecutionListener, org.springframework.test.context.transaction.TransactionalTestExecutionListener, org.springframework.test.context.jdbc.SqlScriptsTestExecutionListener, org.springframework.test.context.event.EventPublishingTestExecutionListener]
[2022-06-10 12:49:30.339] DEBUG AbstractTestContextBootstrapper.instantiateListeners(AbstractTestContextBootstrapper.java:189) - Skipping candidate TestExecutionListener [org.springframework.test.context.web.ServletTestExecutionListener] due to a missing dependency. Specify custom listener classes or make the default listener classes and their required dependencies available. Offending class: [javax/servlet/ServletContext]
[2022-06-10 12:49:30.339] INFO  AbstractTestContextBootstrapper.getTestExecutionListeners(AbstractTestContextBootstrapper.java:174) - Using TestExecutionListeners: [org.springframework.test.context.support.DirtiesContextBeforeModesTestExecutionListener@5c77053b, org.springframework.test.context.event.ApplicationEventsTestExecutionListener@26b894bd, org.springframework.test.context.support.DependencyInjectionTestExecutionListener@287f94b1, org.springframework.test.context.support.DirtiesContextTestExecutionListener@30b34287, org.springframework.test.context.transaction.TransactionalTestExecutionListener@5489c777, org.springframework.test.context.jdbc.SqlScriptsTestExecutionListener@3676ac27, org.springframework.test.context.event.EventPublishingTestExecutionListener@62f87c44]
[2022-06-10 12:49:30.339] DEBUG ProfileValueUtils.retrieveProfileValueSource(ProfileValueUtils.java:70) - Retrieved @ProfileValueSourceConfiguration [null] for test class [com.pcwk.ehr.JunitUserServiceTest]
[2022-06-10 12:49:30.339] DEBUG ProfileValueUtils.retrieveProfileValueSource(ProfileValueUtils.java:83) - Retrieved ProfileValueSource type [class org.springframework.test.annotation.SystemProfileValueSource] for class [com.pcwk.ehr.JunitUserServiceTest]
[2022-06-10 12:49:30.340] DEBUG ProfileValueUtils.retrieveProfileValueSource(ProfileValueUtils.java:70) - Retrieved @ProfileValueSourceConfiguration [null] for test class [com.pcwk.ehr.JunitUserServiceTest]
[2022-06-10 12:49:30.340] DEBUG ProfileValueUtils.retrieveProfileValueSource(ProfileValueUtils.java:83) - Retrieved ProfileValueSource type [class org.springframework.test.annotation.SystemProfileValueSource] for class [com.pcwk.ehr.JunitUserServiceTest]
[2022-06-10 12:49:30.340] DEBUG ProfileValueUtils.retrieveProfileValueSource(ProfileValueUtils.java:70) - Retrieved @ProfileValueSourceConfiguration [null] for test class [com.pcwk.ehr.JunitUserServiceTest]
[2022-06-10 12:49:30.340] DEBUG ProfileValueUtils.retrieveProfileValueSource(ProfileValueUtils.java:83) - Retrieved ProfileValueSource type [class org.springframework.test.annotation.SystemProfileValueSource] for class [com.pcwk.ehr.JunitUserServiceTest]
[2022-06-10 12:49:30.341] DEBUG ProfileValueUtils.retrieveProfileValueSource(ProfileValueUtils.java:70) - Retrieved @ProfileValueSourceConfiguration [null] for test class [com.pcwk.ehr.JunitUserServiceTest]
[2022-06-10 12:49:30.341] DEBUG ProfileValueUtils.retrieveProfileValueSource(ProfileValueUtils.java:83) - Retrieved ProfileValueSource type [class org.springframework.test.annotation.SystemProfileValueSource] for class [com.pcwk.ehr.JunitUserServiceTest]
[2022-06-10 12:49:30.341] DEBUG ProfileValueUtils.retrieveProfileValueSource(ProfileValueUtils.java:70) - Retrieved @ProfileValueSourceConfiguration [null] for test class [com.pcwk.ehr.JunitUserServiceTest]
[2022-06-10 12:49:30.341] DEBUG ProfileValueUtils.retrieveProfileValueSource(ProfileValueUtils.java:83) - Retrieved ProfileValueSource type [class org.springframework.test.annotation.SystemProfileValueSource] for class [com.pcwk.ehr.JunitUserServiceTest]
[2022-06-10 12:49:30.342] DEBUG AbstractDirtiesContextTestExecutionListener.beforeOrAfterTestClass(AbstractDirtiesContextTestExecutionListener.java:143) - Before test class: context [DefaultTestContext@48f5bde6 testClass = JunitUserServiceTest, testInstance = [null], testMethod = [null], testException = [null], mergedContextConfiguration = [MergedContextConfiguration@525d79f0 testClass = JunitUserServiceTest, locations = '{classpath:/applicationContext.xml}', classes = '{}', contextInitializerClasses = '[]', activeProfiles = '{}', propertySourceLocations = '{}', propertySourceProperties = '{}', contextCustomizers = set[[empty]], contextLoader = 'org.springframework.test.context.support.DelegatingSmartContextLoader', parent = [null]], attributes = map[[empty]]], class annotated with @DirtiesContext [false] with mode [null].
[2022-06-10 12:49:30.342] DEBUG DefaultCacheAwareContextLoaderDelegate.loadContext(DefaultCacheAwareContextLoaderDelegate.java:137) - Retrieved ApplicationContext [1068586139] from cache with key [[MergedContextConfiguration@525d79f0 testClass = JunitUserServiceTest, locations = '{classpath:/applicationContext.xml}', classes = '{}', contextInitializerClasses = '[]', activeProfiles = '{}', propertySourceLocations = '{}', propertySourceProperties = '{}', contextCustomizers = set[[empty]], contextLoader = 'org.springframework.test.context.support.DelegatingSmartContextLoader', parent = [null]]]
[2022-06-10 12:49:30.342] DEBUG DefaultContextCache.logStatistics(DefaultContextCache.java:290) - Spring test ApplicationContext cache statistics: [DefaultContextCache@3561c410 size = 1, maxSize = 32, parentContextCount = 0, hitCount = 19, missCount = 1]
]]></system-out>
  </testcase>
  <testcase name="allOrNothing" classname="com.pcwk.ehr.JunitUserServiceTest" time="1.635"/>
  <testcase name="upgradeLevels" classname="com.pcwk.ehr.JunitUserServiceTest" time="0">
    <skipped/>
  </testcase>
</testsuite>